<?xml version="1.0" encoding="UTF-8"?>
<testsuite xmlns:xsi="http://www.w3.org/2001/XMLSchema-instance" xsi:noNamespaceSchemaLocation="https://maven.apache.org/surefire/maven-surefire-plugin/xsd/surefire-test-report-3.0.xsd" version="3.0" name="TestSuite" time="20.962" tests="3" errors="0" skipped="0" failures="0">
  <properties>
[...]
</properties>
  <testcase name="testDiaryPageEntryCount" classname="com.mydreams.tests.DiaryPageTest" time="2.292">
    <system-out><![CDATA[<html lang="en"><head>
    <meta charset="UTF-8">
    <meta name="viewport" content="width=device-width, initial-scale=1.0">
    <title>Dreams Diary</title>
    <link rel="stylesheet" href="styles.css">
</head>
<body>
    <main class="main-container">
        <div class="content-wrapper">
            <h1>Dreams Diary</h1>
            <table id="dreamsDiary">
                <thead>
                    <tr>
                        <th>Dream Name</th>
                        <th>Days Ago</th>
                        <th>Dream Type</th>
                    </tr>
                </thead>
                <tbody>
                    <tr>
                        <td>Flying over mountains</td>
                        <td>1 day ago</td>
                        <td>Good</td>
                    </tr>
                    <tr>
                        <td>Lost in maze</td>
                        <td>2 days ago</td>
                        <td>Bad</td>
                    </tr>
                    <tr>
                        <td>Flying over mountains</td>
                        <td>3 days ago</td>
                        <td>Good</td>
                    </tr>
                    <tr>
                        <td>Winning lottery</td>
                        <td>4 days ago</td>
                        <td>Good</td>
                    </tr>
                    <tr>
                        <td>Being late to exam</td>
                        <td>5 days ago</td>
                        <td>Bad</td>
                    </tr>
                    <tr>
                        <td>Lost in maze</td>
                        <td>6 days ago</td>
                        <td>Bad</td>
                    </tr>
                    <tr>
                        <td>Swimming with dolphins</td>
                        <td>7 days ago</td>
                        <td>Good</td>
                    </tr>
                    <tr>
                        <td>Flying over mountains</td>
                        <td>8 days ago</td>
                        <td>Good</td>
                    </tr>
                    <tr>
                        <td>Time travel adventure</td>
                        <td>9 days ago</td>
                        <td>Good</td>
                    </tr>
                    <tr>
                        <td>Monster chase</td>
                        <td>10 days ago</td>
                        <td>Bad</td>
                    </tr>
                </tbody>
            </table>
        </div>
    </main>

 </body></html>
]]></system-out>
    <system-err><![CDATA[SLF4J: Failed to load class "org.slf4j.impl.StaticLoggerBinder".
SLF4J: Defaulting to no-operation (NOP) logger implementation
SLF4J: See http://www.slf4j.org/codes.html#StaticLoggerBinder for further details.
Jun 14, 2025 2:07:26 AM org.openqa.selenium.remote.service.DriverService$Builder getLogOutput
INFO: Driver logs no longer sent to console by default; https://www.selenium.dev/documentation/webdriver/drivers/service/#setting-log-output
Jun 14, 2025 2:07:30 AM org.openqa.selenium.devtools.CdpVersionFinder findNearestMatch
WARNING: Unable to find CDP implementation matching 137
Jun 14, 2025 2:07:30 AM org.openqa.selenium.chromium.ChromiumDriver lambda$new$4
WARNING: Unable to find version of CDP to use for . You may need to include a dependency on a specific version of the CDP using something similar to `org.seleniumhq.selenium:selenium-devtools-v86:4.10.0` where the version ("v86") matches the version of the chromium-based browser you're using and the version number of the artifact is the same as Selenium's.
]]></system-err>
  </testcase>
  <testcase name="testHomePageButtonVisible" classname="com.mydreams.tests.HomePageTest" time="5.227">
    <system-out><![CDATA[<html lang="en"><head>
    <meta charset="UTF-8">
    <meta name="viewport" content="width=device-width, initial-scale=1.0">
    <title>Dream Portal</title>
    <link rel="stylesheet" href="styles.css">
</head>
<body>
    <div class="dream-bg">
        <div class="stars"></div>
        <div class="floating-orbs">
            <div class="orb orb1"></div>
            <div class="orb orb2"></div>
            <div class="orb orb3"></div>
        </div>
    </div>
    <main class="main-container">
        <div class="content-wrapper">
            <div id="welcome-section">
                <div class="loading-animation hidden" id="loadingAnimation">
                    <div class="spinner"></div>
                    <h1>Welcome to the Dreams Section</h1>
                    <p>Loading your dream portal...</p>
                </div>
                <div class="main-content show" id="mainContent">
                    <div class="dream-icon">✨</div>
                    <h1>Dream Portal</h1>
                    <p>Explore your dream journey</p>
                    <div class="dream-stats">
                        <div class="stat-item">
                            <span class="stat-number">10</span>
                            <span class="stat-label">Dreams</span>
                        </div>
                        <div class="stat-item">
                            <span class="stat-number">7</span>
                            <span class="stat-label">Days</span>
                        </div>
                    </div>
                    <div class="button-container">
                        <button id="dreamButton" class="show">My Dreams</button>
                    </div>
                </div>
            </div>
        </div>
    </main>
    <script src="script.js"></script>

 </body></html>
]]></system-out>
    <system-err><![CDATA[Jun 14, 2025 2:07:33 AM org.openqa.selenium.remote.service.DriverService$Builder getLogOutput
INFO: Driver logs no longer sent to console by default; https://www.selenium.dev/documentation/webdriver/drivers/service/#setting-log-output
Jun 14, 2025 2:07:34 AM org.openqa.selenium.devtools.CdpVersionFinder findNearestMatch
WARNING: Unable to find CDP implementation matching 137
Jun 14, 2025 2:07:34 AM org.openqa.selenium.chromium.ChromiumDriver lambda$new$4
WARNING: Unable to find version of CDP to use for . You may need to include a dependency on a specific version of the CDP using something similar to `org.seleniumhq.selenium:selenium-devtools-v86:4.10.0` where the version ("v86") matches the version of the chromium-based browser you're using and the version number of the artifact is the same as Selenium's.
]]></system-err>
  </testcase>
  <testcase name="testDreamCounts" classname="com.mydreams.tests.TotalPageTest" time="1.631">
    <system-out><![CDATA[<html lang="en"><head>
    <meta charset="UTF-8">
    <meta name="viewport" content="width=device-width, initial-scale=1.0">
    <title>Dreams Total</title>
    <link rel="stylesheet" href="styles.css">
</head>
<body>
    <main class="main-container">
        <div class="content-wrapper">
            <h1>Dreams Summary</h1>
            <table id="dreamsTotal">
                <thead>
                    <tr>
                        <th>Dream Type</th>
                        <th>Total Count</th>
                    </tr>
                </thead>
                <tbody>
                    <tr>
                        <td>Good Dreams</td>
                        <td>6</td>
                    </tr>
                    <tr>
                        <td>Bad Dreams</td>
                        <td>4</td>
                    </tr>
                    <tr>
                        <td>Total Dreams</td>
                        <td>10</td>
                    </tr>
                    <tr>
                        <td>Dreams This Week</td>
                        <td>7</td>
                    </tr>
                    <tr>
                        <td>Recurring Dreams</td>
                        <td>2</td>  <!-- "Flying over mountains" appears 3 times, "Lost in maze" appears 2 times -->
                    </tr>
                </tbody>
            </table>
        </div>
    </main>

 </body></html>
Verifying: Good Dreams = 6
Verifying: Bad Dreams = 4
Verifying: Total Dreams = 10
Verifying: Dreams This Week = 7
Verifying: Recurring Dreams = 2
]]></system-out>
    <system-err><![CDATA[Jun 14, 2025 2:07:40 AM org.openqa.selenium.remote.service.DriverService$Builder getLogOutput
INFO: Driver logs no longer sent to console by default; https://www.selenium.dev/documentation/webdriver/drivers/service/#setting-log-output
Jun 14, 2025 2:07:42 AM org.openqa.selenium.devtools.CdpVersionFinder findNearestMatch
WARNING: Unable to find CDP implementation matching 137
Jun 14, 2025 2:07:42 AM org.openqa.selenium.chromium.ChromiumDriver lambda$new$4
WARNING: Unable to find version of CDP to use for . You may need to include a dependency on a specific version of the CDP using something similar to `org.seleniumhq.selenium:selenium-devtools-v86:4.10.0` where the version ("v86") matches the version of the chromium-based browser you're using and the version number of the artifact is the same as Selenium's.
]]></system-err>
  </testcase>
</testsuite>