<?xml version="1.0" encoding="UTF-8"?>
<testng-results ignored="0" total="3" passed="3" failed="0" skipped="0">
  <reporter-output>
  </reporter-output>
  <suite started-at="2025-06-14T02:07:25 IST" name="Dream Portal Suite" finished-at="2025-06-14T02:07:45 IST" duration-ms="19171">
    <groups>
    </groups>
    <test started-at="2025-06-14T02:07:25 IST" name="Functional Tests" finished-at="2025-06-14T02:07:45 IST" duration-ms="19171">
      <class name="com.mydreams.tests.TotalPageTest">
        <test-method is-config="true" signature="setUp()[pri:0, instance:com.mydreams.tests.TotalPageTest@54422e18]" started-at="2025-06-14T02:07:40 IST" name="setUp" finished-at="2025-06-14T02:07:42 IST" duration-ms="2242" status="PASS">
          <reporter-output>
          </reporter-output>
        </test-method> <!-- setUp -->
        <test-method signature="testDreamCounts()[pri:0, instance:com.mydreams.tests.TotalPageTest@54422e18]" started-at="2025-06-14T02:07:42 IST" name="testDreamCounts" finished-at="2025-06-14T02:07:44 IST" duration-ms="1625" status="PASS">
          <reporter-output>
          </reporter-output>
        </test-method> <!-- testDreamCounts -->
        <test-method is-config="true" signature="tearDown()[pri:0, instance:com.mydreams.tests.TotalPageTest@54422e18]" started-at="2025-06-14T02:07:44 IST" name="tearDown" finished-at="2025-06-14T02:07:45 IST" duration-ms="403" status="PASS">
          <reporter-output>
          </reporter-output>
        </test-method> <!-- tearDown -->
      </class> <!-- com.mydreams.tests.TotalPageTest -->
      <class name="com.mydreams.tests.HomePageTest">
        <test-method is-config="true" signature="setUp()[pri:0, instance:com.mydreams.tests.HomePageTest@543295b0]" started-at="2025-06-14T02:07:33 IST" name="setUp" finished-at="2025-06-14T02:07:34 IST" duration-ms="1674" status="PASS">
          <reporter-output>
          </reporter-output>
        </test-method> <!-- setUp -->
        <test-method signature="testHomePageButtonVisible()[pri:0, instance:com.mydreams.tests.HomePageTest@543295b0]" started-at="2025-06-14T02:07:34 IST" name="testHomePageButtonVisible" finished-at="2025-06-14T02:07:40 IST" duration-ms="5222" status="PASS">
          <reporter-output>
          </reporter-output>
        </test-method> <!-- testHomePageButtonVisible -->
        <test-method is-config="true" signature="tearDown()[pri:0, instance:com.mydreams.tests.HomePageTest@543295b0]" started-at="2025-06-14T02:07:40 IST" name="tearDown" finished-at="2025-06-14T02:07:40 IST" duration-ms="450" status="PASS">
          <reporter-output>
          </reporter-output>
        </test-method> <!-- tearDown -->
      </class> <!-- com.mydreams.tests.HomePageTest -->
      <class name="com.mydreams.tests.DiaryPageTest">
        <test-method is-config="true" signature="setUp()[pri:0, instance:com.mydreams.tests.DiaryPageTest@563f38c4]" started-at="2025-06-14T02:07:26 IST" name="setUp" finished-at="2025-06-14T02:07:30 IST" duration-ms="4092" status="PASS">
          <reporter-output>
          </reporter-output>
        </test-method> <!-- setUp -->
        <test-method signature="testDiaryPageEntryCount()[pri:0, instance:com.mydreams.tests.DiaryPageTest@563f38c4]" started-at="2025-06-14T02:07:30 IST" name="testDiaryPageEntryCount" finished-at="2025-06-14T02:07:32 IST" duration-ms="2265" status="PASS">
          <reporter-output>
          </reporter-output>
        </test-method> <!-- testDiaryPageEntryCount -->
        <test-method is-config="true" signature="tearDown()[pri:0, instance:com.mydreams.tests.DiaryPageTest@563f38c4]" started-at="2025-06-14T02:07:32 IST" name="tearDown" finished-at="2025-06-14T02:07:33 IST" duration-ms="399" status="PASS">
          <reporter-output>
          </reporter-output>
        </test-method> <!-- tearDown -->
      </class> <!-- com.mydreams.tests.DiaryPageTest -->
    </test> <!-- Functional Tests -->
  </suite> <!-- Dream Portal Suite -->
</testng-results>
