<?xml version="1.0" encoding="UTF-8"?>
<!-- Generated by org.testng.reporters.JUnitXMLReporter -->
<testsuite ignored="0" hostname="DESKTOP-GBDMBVI" failures="0" tests="3" name="Functional Tests" time="19.171" errors="0" timestamp="2025-06-14T02:07:45 IST">
  <testcase classname="com.mydreams.tests.DiaryPageTest" name="testDiaryPageEntryCount" time="2.265"/>
  <testcase classname="com.mydreams.tests.HomePageTest" name="testHomePageButtonVisible" time="5.222"/>
  <testcase classname="com.mydreams.tests.TotalPageTest" name="testDreamCounts" time="1.625"/>
</testsuite> <!-- Functional Tests -->
